<?xml version="1.0" encoding="UTF-8"?>
<testsuites>
  <testsuite name="fastlane.lanes">
    
    
    
      
      <testcase classname="fastlane.lanes" name="0: default_platform" time="0.019734">
        
      </testcase>
    
      
      <testcase classname="fastlane.lanes" name="1: git_pull" time="4.421791">
        
      </testcase>
    
      
      <testcase classname="fastlane.lanes" name="2: last_git_commit" time="0.08023">
        
      </testcase>
    
      
      <testcase classname="fastlane.lanes" name="3: rm -f ./Podfile.lock" time="0.010828">
        
      </testcase>
    
      
      <testcase classname="fastlane.lanes" name="4: cocoapods" time="0.369914">
        
          <failure message="/Library/Ruby/Gems/2.6.0/gems/fastlane-2.140.0/fastlane/lib/fastlane/actions/actions_helper.rb:48:in `execute_action'&#10;/Library/Ruby/Gems/2.6.0/gems/fastlane-2.140.0/fastlane/lib/fastlane/runner.rb:253:in `block in execute_action'&#10;/Library/Ruby/Gems/2.6.0/gems/fastlane-2.140.0/fastlane/lib/fastlane/runner.rb:227:in `chdir'&#10;/Library/Ruby/Gems/2.6.0/gems/fastlane-2.140.0/fastlane/lib/fastlane/runner.rb:227:in `execute_action'&#10;/Library/Ruby/Gems/2.6.0/gems/fastlane-2.140.0/fastlane/lib/fastlane/runner.rb:157:in `trigger_action_by_name'&#10;/Library/Ruby/Gems/2.6.0/gems/fastlane-2.140.0/fastlane/lib/fastlane/fast_file.rb:159:in `method_missing'&#10;Fastfile:26:in `block (2 levels) in parsing_binding'&#10;/Library/Ruby/Gems/2.6.0/gems/fastlane-2.140.0/fastlane/lib/fastlane/lane.rb:33:in `call'&#10;/Library/Ruby/Gems/2.6.0/gems/fastlane-2.140.0/fastlane/lib/fastlane/runner.rb:49:in `block in execute'&#10;/Library/Ruby/Gems/2.6.0/gems/fastlane-2.140.0/fastlane/lib/fastlane/runner.rb:45:in `chdir'&#10;/Library/Ruby/Gems/2.6.0/gems/fastlane-2.140.0/fastlane/lib/fastlane/runner.rb:45:in `execute'&#10;/Library/Ruby/Gems/2.6.0/gems/fastlane-2.140.0/fastlane/lib/fastlane/lane_manager.rb:56:in `cruise_lane'&#10;/Library/Ruby/Gems/2.6.0/gems/fastlane-2.140.0/fastlane/lib/fastlane/command_line_handler.rb:36:in `handle'&#10;/Library/Ruby/Gems/2.6.0/gems/fastlane-2.140.0/fastlane/lib/fastlane/commands_generator.rb:108:in `block (2 levels) in run'&#10;/Library/Ruby/Gems/2.6.0/gems/commander-fastlane-4.4.6/lib/commander/command.rb:178:in `call'&#10;/Library/Ruby/Gems/2.6.0/gems/commander-fastlane-4.4.6/lib/commander/command.rb:153:in `run'&#10;/Library/Ruby/Gems/2.6.0/gems/commander-fastlane-4.4.6/lib/commander/runner.rb:476:in `run_active_command'&#10;/Library/Ruby/Gems/2.6.0/gems/fastlane-2.140.0/fastlane_core/lib/fastlane_core/ui/fastlane_runner.rb:76:in `run!'&#10;/Library/Ruby/Gems/2.6.0/gems/commander-fastlane-4.4.6/lib/commander/delegates.rb:15:in `run!'&#10;/Library/Ruby/Gems/2.6.0/gems/fastlane-2.140.0/fastlane/lib/fastlane/commands_generator.rb:349:in `run'&#10;/Library/Ruby/Gems/2.6.0/gems/fastlane-2.140.0/fastlane/lib/fastlane/commands_generator.rb:41:in `start'&#10;/Library/Ruby/Gems/2.6.0/gems/fastlane-2.140.0/fastlane/lib/fastlane/cli_tools_distributor.rb:119:in `take_off'&#10;/Library/Ruby/Gems/2.6.0/gems/fastlane-2.140.0/bin/fastlane:23:in `&lt;top (required)&gt;'&#10;/usr/local/bin/fastlane:23:in `load'&#10;/usr/local/bin/fastlane:23:in `&lt;main&gt;'&#10;&#10;--- ERROR REPORT TEMPLATE -------------------------------------------------------&#10;# Error Report&#10;&#10;## Questions&#10;&#10;Please fill out answers to these questions, it'll help us figure out&#10;why things are going wrong.&#10;&#10;- **What did you do?**&#10;&#10;  I ran the command `/usr/bin/bundle exec pod install`&#10;&#10;- **What did you expect to happen?**&#10;&#10;  I expected Bundler to...&#10;&#10;- **What happened instead?**&#10;&#10;  Instead, what happened was...&#10;&#10;- **Have you tried any solutions posted on similar issues in our issue tracker, stack overflow, or google?**&#10;&#10;  I tried...&#10;&#10;- **Have you read our issues document, https://github.com/bundler/bundler/blob/master/doc/contributing/ISSUES.md?**&#10;&#10;  ...&#10;&#10;## Backtrace&#10;&#10;```&#10;Gem::GemNotFoundException: can't find gem bundler (= 2.1.0) with executable bundle&#10;  /Library/Ruby/Site/2.6.0/rubygems.rb:275:in `find_spec_for_exe'&#10;  /Library/Ruby/Site/2.6.0/rubygems.rb:252:in `bin_path'&#10;  /Library/Ruby/Site/2.6.0/bundler/rubygems_integration.rb:221:in `bin_path'&#10;  /Library/Ruby/Site/2.6.0/bundler/shared_helpers.rb:297:in `set_bundle_variables'&#10;  /Library/Ruby/Site/2.6.0/bundler/shared_helpers.rb:76:in `set_bundle_environment'&#10;  /Library/Ruby/Site/2.6.0/bundler/cli/exec.rb:25:in `run'&#10;  /Library/Ruby/Site/2.6.0/bundler/cli.rb:476:in `exec'&#10;  /Library/Ruby/Site/2.6.0/bundler/vendor/thor/lib/thor/command.rb:27:in `run'&#10;  /Library/Ruby/Site/2.6.0/bundler/vendor/thor/lib/thor/invocation.rb:127:in `invoke_command'&#10;  /Library/Ruby/Site/2.6.0/bundler/vendor/thor/lib/thor.rb:399:in `dispatch'&#10;  /Library/Ruby/Site/2.6.0/bundler/cli.rb:30:in `dispatch'&#10;  /Library/Ruby/Site/2.6.0/bundler/vendor/thor/lib/thor/base.rb:476:in `start'&#10;  /Library/Ruby/Site/2.6.0/bundler/cli.rb:24:in `start'&#10;  /Library/Ruby/Gems/2.6.0/gems/bundler-1.17.2/exe/bundle:30:in `block in &lt;top (required)&gt;'&#10;  /Library/Ruby/Site/2.6.0/bundler/friendly_errors.rb:123:in `with_friendly_errors'&#10;  /Library/Ruby/Gems/2.6.0/gems/bundler-1.17.2/exe/bundle:22:in `&lt;top (required)&gt;'&#10;  /usr/bin/bundle:23:in `load'&#10;  /usr/bin/bundle:23:in `&lt;main&gt;'&#10;```&#10;&#10;## Environment&#10;&#10;```&#10;Bundler       2.1.0&#10;  Platforms   ruby, universal-darwin-19&#10;Ruby          2.6.3p62 (2019-04-16 revision 67580) [universal.x86_64-darwin19]&#10;  Full Path   /System/Library/Frameworks/Ruby.framework/Versions/2.6/usr/bin/ruby&#10;  Config Dir  /Library/Ruby/Site&#10;RubyGems      3.1.1&#10;  Gem Home    /Library/Ruby/Gems/2.6.0&#10;  Gem Path    /Users/linziyuan/.gem/ruby/2.6.0:/Library/Ruby/Gems/2.6.0:/System/Library/Frameworks/Ruby.framework/Versions/2.6/usr/lib/ruby/gems/2.6.0&#10;  User Home   /Users/linziyuan&#10;  User Path   /Users/linziyuan/.gem/ruby/2.6.0&#10;  Bin Dir     /usr/bin&#10;Tools         &#10;  Git         2.21.0 (Apple Git-122.2)&#10;  RVM         not installed&#10;  rbenv       not installed&#10;  chruby      not installed&#10;```&#10;&#10;## Bundler Build Metadata&#10;&#10;```&#10;Built At          2019-12-16&#10;Git SHA           683fe9799&#10;Released Version  false&#10;```&#10;&#10;## Gemfile&#10;&#10;### Gemfile&#10;&#10;```ruby&#10;source &quot;https://rubygems.org&quot;&#10;&#10;gem &quot;fastlane&quot;&#10;```&#10;&#10;### Gemfile.lock&#10;&#10;```&#10;&lt;No /Users/linziyuan/Desktop/PodLib/Gemfile.lock found&gt;&#10;```&#10;&#10;--- TEMPLATE END ----------------------------------------------------------------&#10;&#10;Unfortunately, an unexpected error occurred, and Bundler cannot continue.&#10;&#10;First, try this link to see if there are any existing issue reports for this error:&#10;https://github.com/bundler/bundler/search?q=can%27t+find+gem+bundler+%28%3D+2.1.0%29+with+executable+bundle&amp;type=Issues&#10;&#10;If there aren't any reports for this error yet, please create copy and paste the report template above into a new issue. Don't forget to anonymize any private data! The new issue form is located at:&#10;https://github.com/bundler/bundler/issues/new&#10;" />
        
      </testcase>
    
  </testsuite>
</testsuites>
